mode: set
github.com/MaksMakarskyi/gopher-cache/internal/cmdparser/cmdparser.go:11.52,13.2 1 1
github.com/MaksMakarskyi/gopher-cache/internal/cmdparser/cmdparser.go:15.74,18.24 2 1
github.com/MaksMakarskyi/gopher-cache/internal/cmdparser/cmdparser.go:18.24,20.3 1 1
github.com/MaksMakarskyi/gopher-cache/internal/cmdparser/cmdparser.go:22.2,23.16 2 1
github.com/MaksMakarskyi/gopher-cache/internal/cmdparser/cmdparser.go:23.16,25.3 1 1
github.com/MaksMakarskyi/gopher-cache/internal/cmdparser/cmdparser.go:27.2,28.9 2 1
github.com/MaksMakarskyi/gopher-cache/internal/cmdparser/cmdparser.go:28.9,30.3 1 1
github.com/MaksMakarskyi/gopher-cache/internal/cmdparser/cmdparser.go:32.2,32.35 1 1
github.com/MaksMakarskyi/gopher-cache/internal/cmdparser/cmdparser.go:35.76,36.23 1 1
github.com/MaksMakarskyi/gopher-cache/internal/cmdparser/cmdparser.go:36.23,38.3 1 1
github.com/MaksMakarskyi/gopher-cache/internal/cmdparser/cmdparser.go:40.2,40.20 1 1
github.com/MaksMakarskyi/gopher-cache/internal/cmdparser/cmdparser.go:41.17,42.40 1 1
github.com/MaksMakarskyi/gopher-cache/internal/cmdparser/cmdparser.go:43.17,44.35 1 1
github.com/MaksMakarskyi/gopher-cache/internal/cmdparser/cmdparser.go:45.10,46.78 1 1
github.com/MaksMakarskyi/gopher-cache/internal/cmdparser/cmdparser.go:50.82,51.29 1 1
github.com/MaksMakarskyi/gopher-cache/internal/cmdparser/cmdparser.go:51.29,53.3 1 1
github.com/MaksMakarskyi/gopher-cache/internal/cmdparser/cmdparser.go:54.2,58.21 3 1
github.com/MaksMakarskyi/gopher-cache/internal/cmdparser/cmdparser.go:58.21,60.3 1 1
github.com/MaksMakarskyi/gopher-cache/internal/cmdparser/cmdparser.go:62.2,64.16 3 1
github.com/MaksMakarskyi/gopher-cache/internal/cmdparser/cmdparser.go:64.16,66.3 1 1
github.com/MaksMakarskyi/gopher-cache/internal/cmdparser/cmdparser.go:67.2,70.24 2 1
github.com/MaksMakarskyi/gopher-cache/internal/cmdparser/cmdparser.go:70.24,72.3 1 1
github.com/MaksMakarskyi/gopher-cache/internal/cmdparser/cmdparser.go:75.2,76.24 2 1
github.com/MaksMakarskyi/gopher-cache/internal/cmdparser/cmdparser.go:76.24,79.17 2 1
github.com/MaksMakarskyi/gopher-cache/internal/cmdparser/cmdparser.go:79.17,81.4 1 1
github.com/MaksMakarskyi/gopher-cache/internal/cmdparser/cmdparser.go:83.3,83.18 1 1
github.com/MaksMakarskyi/gopher-cache/internal/cmdparser/cmdparser.go:86.2,86.19 1 1
github.com/MaksMakarskyi/gopher-cache/internal/cmdparser/cmdparser.go:89.88,96.29 1 1
github.com/MaksMakarskyi/gopher-cache/internal/cmdparser/cmdparser.go:96.29,98.3 1 1
github.com/MaksMakarskyi/gopher-cache/internal/cmdparser/cmdparser.go:99.2,103.21 3 1
github.com/MaksMakarskyi/gopher-cache/internal/cmdparser/cmdparser.go:103.21,105.3 1 1
github.com/MaksMakarskyi/gopher-cache/internal/cmdparser/cmdparser.go:107.2,109.16 3 1
github.com/MaksMakarskyi/gopher-cache/internal/cmdparser/cmdparser.go:109.16,111.3 1 1
github.com/MaksMakarskyi/gopher-cache/internal/cmdparser/cmdparser.go:112.2,114.18 2 1
github.com/MaksMakarskyi/gopher-cache/internal/cmdparser/cmdparser.go:114.18,116.3 1 1
github.com/MaksMakarskyi/gopher-cache/internal/cmdparser/cmdparser.go:119.2,119.31 1 1
github.com/MaksMakarskyi/gopher-cache/internal/cmdparser/cmdparser.go:119.31,121.3 1 1
github.com/MaksMakarskyi/gopher-cache/internal/cmdparser/cmdparser.go:123.2,124.62 2 1
github.com/MaksMakarskyi/gopher-cache/internal/cmdparser/cmdparser.go:124.62,126.3 1 1
github.com/MaksMakarskyi/gopher-cache/internal/cmdparser/cmdparser.go:128.2,130.22 2 1
