mode: set
github.com/MaksMakarskyi/gopher-cache/internal/cmdparser/cmdparser.go:11.52,13.2 1 1
github.com/MaksMakarskyi/gopher-cache/internal/cmdparser/cmdparser.go:15.77,18.24 2 1
github.com/MaksMakarskyi/gopher-cache/internal/cmdparser/cmdparser.go:18.24,20.3 1 1
github.com/MaksMakarskyi/gopher-cache/internal/cmdparser/cmdparser.go:22.2,23.16 2 1
github.com/MaksMakarskyi/gopher-cache/internal/cmdparser/cmdparser.go:23.16,25.3 1 1
github.com/MaksMakarskyi/gopher-cache/internal/cmdparser/cmdparser.go:27.2,28.9 2 1
github.com/MaksMakarskyi/gopher-cache/internal/cmdparser/cmdparser.go:28.9,30.3 1 1
github.com/MaksMakarskyi/gopher-cache/internal/cmdparser/cmdparser.go:32.2,33.16 2 1
github.com/MaksMakarskyi/gopher-cache/internal/cmdparser/cmdparser.go:33.16,35.3 1 1
github.com/MaksMakarskyi/gopher-cache/internal/cmdparser/cmdparser.go:37.2,37.34 1 1
github.com/MaksMakarskyi/gopher-cache/internal/cmdparser/cmdparser.go:40.76,41.23 1 1
github.com/MaksMakarskyi/gopher-cache/internal/cmdparser/cmdparser.go:41.23,43.3 1 1
github.com/MaksMakarskyi/gopher-cache/internal/cmdparser/cmdparser.go:45.2,45.20 1 1
github.com/MaksMakarskyi/gopher-cache/internal/cmdparser/cmdparser.go:46.17,47.40 1 1
github.com/MaksMakarskyi/gopher-cache/internal/cmdparser/cmdparser.go:48.17,49.35 1 1
github.com/MaksMakarskyi/gopher-cache/internal/cmdparser/cmdparser.go:50.10,51.78 1 1
github.com/MaksMakarskyi/gopher-cache/internal/cmdparser/cmdparser.go:55.82,56.29 1 1
github.com/MaksMakarskyi/gopher-cache/internal/cmdparser/cmdparser.go:56.29,58.3 1 1
github.com/MaksMakarskyi/gopher-cache/internal/cmdparser/cmdparser.go:59.2,63.21 3 1
github.com/MaksMakarskyi/gopher-cache/internal/cmdparser/cmdparser.go:63.21,65.3 1 1
github.com/MaksMakarskyi/gopher-cache/internal/cmdparser/cmdparser.go:67.2,69.16 3 1
github.com/MaksMakarskyi/gopher-cache/internal/cmdparser/cmdparser.go:69.16,71.3 1 1
github.com/MaksMakarskyi/gopher-cache/internal/cmdparser/cmdparser.go:72.2,75.24 2 1
github.com/MaksMakarskyi/gopher-cache/internal/cmdparser/cmdparser.go:75.24,77.3 1 1
github.com/MaksMakarskyi/gopher-cache/internal/cmdparser/cmdparser.go:80.2,81.24 2 1
github.com/MaksMakarskyi/gopher-cache/internal/cmdparser/cmdparser.go:81.24,84.17 2 1
github.com/MaksMakarskyi/gopher-cache/internal/cmdparser/cmdparser.go:84.17,86.4 1 1
github.com/MaksMakarskyi/gopher-cache/internal/cmdparser/cmdparser.go:88.3,88.18 1 1
github.com/MaksMakarskyi/gopher-cache/internal/cmdparser/cmdparser.go:91.2,91.19 1 1
github.com/MaksMakarskyi/gopher-cache/internal/cmdparser/cmdparser.go:94.88,101.29 1 1
github.com/MaksMakarskyi/gopher-cache/internal/cmdparser/cmdparser.go:101.29,103.3 1 1
github.com/MaksMakarskyi/gopher-cache/internal/cmdparser/cmdparser.go:104.2,108.21 3 1
github.com/MaksMakarskyi/gopher-cache/internal/cmdparser/cmdparser.go:108.21,110.3 1 1
github.com/MaksMakarskyi/gopher-cache/internal/cmdparser/cmdparser.go:112.2,114.16 3 1
github.com/MaksMakarskyi/gopher-cache/internal/cmdparser/cmdparser.go:114.16,116.3 1 1
github.com/MaksMakarskyi/gopher-cache/internal/cmdparser/cmdparser.go:117.2,119.18 2 1
github.com/MaksMakarskyi/gopher-cache/internal/cmdparser/cmdparser.go:119.18,121.3 1 1
github.com/MaksMakarskyi/gopher-cache/internal/cmdparser/cmdparser.go:124.2,124.31 1 1
github.com/MaksMakarskyi/gopher-cache/internal/cmdparser/cmdparser.go:124.31,126.3 1 1
github.com/MaksMakarskyi/gopher-cache/internal/cmdparser/cmdparser.go:128.2,129.62 2 1
github.com/MaksMakarskyi/gopher-cache/internal/cmdparser/cmdparser.go:129.62,131.3 1 1
github.com/MaksMakarskyi/gopher-cache/internal/cmdparser/cmdparser.go:133.2,135.22 2 1
github.com/MaksMakarskyi/gopher-cache/internal/cmdparser/utils.go:5.50,7.27 2 1
github.com/MaksMakarskyi/gopher-cache/internal/cmdparser/utils.go:7.27,9.10 2 1
github.com/MaksMakarskyi/gopher-cache/internal/cmdparser/utils.go:9.10,11.4 1 1
github.com/MaksMakarskyi/gopher-cache/internal/cmdparser/utils.go:12.3,12.13 1 1
github.com/MaksMakarskyi/gopher-cache/internal/cmdparser/utils.go:14.2,14.17 1 1
